
{
	gl.supports_vertex_array_object: true
	cocos2d.x.version: quick-cocos2d-x 3.3
	gl.vendor: NVIDIA Corporation
	gl.supports_PVRTC: false
	gl.renderer: NVIDIA GeForce 9400M OpenGL Engine
	cocos2d.x.compiled_with_profiler: false
	gl.max_texture_size: 8192
	gl.supports_ETC1: false
	gl.supports_BGRA8888: false
	cocos2d.x.build_type: DEBUG
	gl.supports_discard_framebuffer: false
	gl.supports_NPOT: true
	gl.supports_S3TC: true
	gl.version: 2.1 NVIDIA-10.0.19 310.90.10.05b12
	gl.supports_ATITC: false
	gl.max_texture_units: 16
	cocos2d.x.compiled_with_gl_state_cache: true
}


Quick-Cocos2d-x C++ support ready.
------------------------------------------------
LOAD LUA FILE: /Users/sunfei/work_space/CocosCodeIDE/QuickPrj/DuoDaoDan/src/main.lua
------------------------------------------------
libpng warning: iCCP: known incorrect sRGB profile
[LUA-print] init()
libpng warning: iCCP: known incorrect sRGB profile
libpng warning: iCCP: known incorrect sRGB profile
libpng warning: iCCP: known incorrect sRGB profile
libpng warning: iCCP: known incorrect sRGB profile
libpng warning: iCCP: known incorrect sRGB profile
libpng warning: iCCP: known incorrect sRGB profile
libpng warning: iCCP: known incorrect sRGB profile
libpng warning: iCCP: known incorrect sRGB profile
libpng warning: iCCP: known incorrect sRGB profile
[LUA-print] 进入加载游戏场景
cocos2d: padding: 0,0,0,0
[LUA-print] 进入游戏主场景
libpng warning: iCCP: known incorrect sRGB profile
Get data from file(particleTexture.png) failed!
[LUA-print] rt_Normal=========:0
libpng warning: iCCP: known incorrect sRGB profile
libpng warning: iCCP: known incorrect sRGB profile
libpng warning: iCCP: known incorrect sRGB profile
libpng warning: iCCP: known incorrect sRGB profile
libpng warning: iCCP: known incorrect sRGB profile
[LUA-print] nodefContentSize==:640
[LUA-print] touchID========:2
[LUA-print] nodefContentSize==:640
